<?xml version="1.0" encoding="UTF-8"?>
<!-- Generated by org.testng.reporters.JUnitReportReporter -->
<testsuite skipped="0" hostname="Lenovo-PC" name="com.b2IT.adminTestCases.LoginSuite" tests="1" failures="0" timestamp="05 Apr 2020 03:10:34 GMT" time="5.528" errors="0">
  <testcase name="Task" time="5.528" classname="com.b2IT.adminTestCases.LoginSuite"/>
</testsuite> <!-- com.b2IT.adminTestCases.LoginSuite -->
